<?xml version="1.0" encoding="UTF-8"?>
<!-- Generated by org.testng.reporters.JUnitReportReporter -->
<testsuite skipped="0" hostname="INDELNB626" name="AutomationPractice.MavenTestProject.TestClassC" tests="2" failures="0" timestamp="15 Jul 2021 17:53:01 GMT" time="0.004" errors="0">
  <testcase name="Method5" time="0.002" classname="AutomationPractice.MavenTestProject.TestClassC"/>
  <testcase name="Method6" time="0.002" classname="AutomationPractice.MavenTestProject.TestClassC"/>
</testsuite> <!-- AutomationPractice.MavenTestProject.TestClassC -->
