<?xml version="1.0" encoding="UTF-8"?>
<!-- Generated by org.testng.reporters.JUnitReportReporter -->
<testsuite skipped="0" hostname="INDELNB626" name="AutomationPractice.MavenTestProject.TestClassA" tests="2" failures="0" timestamp="15 Jul 2021 17:53:01 GMT" time="0.014" errors="0">
  <testcase name="Method2" time="0.002" classname="AutomationPractice.MavenTestProject.TestClassA"/>
  <testcase name="Method1" time="0.012" classname="AutomationPractice.MavenTestProject.TestClassA"/>
</testsuite> <!-- AutomationPractice.MavenTestProject.TestClassA -->
