<?xml version="1.0" encoding="UTF-8"?>
<!-- Generated by org.testng.reporters.JUnitReportReporter -->
<testsuite hostname="INDELNB626" failures="0" tests="2" name="AutomationPractice.MavenTestProject.TestClassB" time="0.001" errors="0" timestamp="18 Jul 2021 12:42:44 GMT">
  <testcase classname="AutomationPractice.MavenTestProject.TestClassB" name="Method4" time="0.000"/>
  <testcase classname="AutomationPractice.MavenTestProject.TestClassB" name="Method3" time="0.001"/>
</testsuite> <!-- AutomationPractice.MavenTestProject.TestClassB -->
