<?xml version="1.0" encoding="UTF-8"?>
<!-- Generated by org.testng.reporters.JUnitReportReporter -->
<testsuite hostname="INDELNB626" failures="0" tests="2" name="AutomationPractice.MavenTestProject.TestClassC" time="0.000" errors="0" timestamp="18 Jul 2021 12:42:44 GMT">
  <testcase classname="AutomationPractice.MavenTestProject.TestClassC" name="Method6" time="0.000"/>
  <testcase classname="AutomationPractice.MavenTestProject.TestClassC" name="Method5" time="0.000"/>
</testsuite> <!-- AutomationPractice.MavenTestProject.TestClassC -->
