<?xml version="1.0" encoding="UTF-8"?>
<!-- Generated by org.testng.reporters.JUnitReportReporter -->
<testsuite hostname="INDELNB626" failures="0" tests="2" name="AutomationPractice.MavenTestProject.TestClassA" time="0.008" errors="0" timestamp="18 Jul 2021 12:42:44 GMT">
  <testcase classname="AutomationPractice.MavenTestProject.TestClassA" name="Method1" time="0.008"/>
  <testcase classname="AutomationPractice.MavenTestProject.TestClassA" name="Method2" time="0.000"/>
</testsuite> <!-- AutomationPractice.MavenTestProject.TestClassA -->
